{"C:\\Users\\rohit\\OneDrive\\Desktop\\MyProjects\\election-guide-ai\\logic\\appState.js": {"path":"C:\\Users\\rohit\\OneDrive\\Desktop\\MyProjects\\election-guide-ai\\logic\\appState.js","statementMap":{"0":{"start":{"line":8,"column":8},"end":{"line":8,"column":34}},"1":{"start":{"line":9,"column":8},"end":{"line":9,"column":29}},"2":{"start":{"line":10,"column":8},"end":{"line":10,"column":28}},"3":{"start":{"line":11,"column":8},"end":{"line":11,"column":34}},"4":{"start":{"line":12,"column":8},"end":{"line":12,"column":29}},"5":{"start":{"line":13,"column":8},"end":{"line":13,"column":34}},"6":{"start":{"line":14,"column":8},"end":{"line":14,"column":28}},"7":{"start":{"line":22,"column":8},"end":{"line":22,"column":29}},"8":{"start":{"line":23,"column":8},"end":{"line":23,"column":22}},"9":{"start":{"line":31,"column":8},"end":{"line":31,"column":36}},"10":{"start":{"line":32,"column":8},"end":{"line":32,"column":22}},"11":{"start":{"line":40,"column":8},"end":{"line":40,"column":38}},"12":{"start":{"line":47,"column":8},"end":{"line":47,"column":59}},"13":{"start":{"line":47,"column":43},"end":{"line":47,"column":57}},"14":{"start":{"line":55,"column":8},"end":{"line":55,"column":37}},"15":{"start":{"line":56,"column":8},"end":{"line":56,"column":29}},"16":{"start":{"line":57,"column":8},"end":{"line":57,"column":28}},"17":{"start":{"line":58,"column":8},"end":{"line":58,"column":22}},"18":{"start":{"line":68,"column":8},"end":{"line":68,"column":48}},"19":{"start":{"line":68,"column":41},"end":{"line":68,"column":48}},"20":{"start":{"line":69,"column":8},"end":{"line":69,"column":32}},"21":{"start":{"line":70,"column":8},"end":{"line":70,"column":22}},"22":{"start":{"line":78,"column":8},"end":{"line":78,"column":51}},"23":{"start":{"line":79,"column":8},"end":{"line":79,"column":22}},"24":{"start":{"line":88,"column":8},"end":{"line":88,"column":36}},"25":{"start":{"line":89,"column":8},"end":{"line":89,"column":22}},"26":{"start":{"line":97,"column":8},"end":{"line":97,"column":39}},"27":{"start":{"line":98,"column":8},"end":{"line":98,"column":22}},"28":{"start":{"line":102,"column":0},"end":{"line":104,"column":1}},"29":{"start":{"line":103,"column":4},"end":{"line":103,"column":30}}},"fnMap":{"0":{"name":"(anonymous_0)","decl":{"start":{"line":7,"column":4},"end":{"line":7,"column":5}},"loc":{"start":{"line":7,"column":18},"end":{"line":15,"column":5}},"line":7},"1":{"name":"(anonymous_1)","decl":{"start":{"line":21,"column":4},"end":{"line":21,"column":5}},"loc":{"start":{"line":21,"column":22},"end":{"line":24,"column":5}},"line":21},"2":{"name":"(anonymous_2)","decl":{"start":{"line":30,"column":4},"end":{"line":30,"column":5}},"loc":{"start":{"line":30,"column":29},"end":{"line":33,"column":5}},"line":30},"3":{"name":"(anonymous_3)","decl":{"start":{"line":39,"column":4},"end":{"line":39,"column":5}},"loc":{"start":{"line":39,"column":24},"end":{"line":41,"column":5}},"line":39},"4":{"name":"(anonymous_4)","decl":{"start":{"line":46,"column":4},"end":{"line":46,"column":5}},"loc":{"start":{"line":46,"column":13},"end":{"line":48,"column":5}},"line":46},"5":{"name":"(anonymous_5)","decl":{"start":{"line":47,"column":31},"end":{"line":47,"column":32}},"loc":{"start":{"line":47,"column":43},"end":{"line":47,"column":57}},"line":47},"6":{"name":"(anonymous_6)","decl":{"start":{"line":54,"column":4},"end":{"line":54,"column":5}},"loc":{"start":{"line":54,"column":24},"end":{"line":59,"column":5}},"line":54},"7":{"name":"(anonymous_7)","decl":{"start":{"line":66,"column":4},"end":{"line":66,"column":5}},"loc":{"start":{"line":66,"column":18},"end":{"line":71,"column":5}},"line":66},"8":{"name":"(anonymous_8)","decl":{"start":{"line":77,"column":4},"end":{"line":77,"column":5}},"loc":{"start":{"line":77,"column":25},"end":{"line":80,"column":5}},"line":77},"9":{"name":"(anonymous_9)","decl":{"start":{"line":87,"column":4},"end":{"line":87,"column":5}},"loc":{"start":{"line":87,"column":29},"end":{"line":90,"column":5}},"line":87},"10":{"name":"(anonymous_10)","decl":{"start":{"line":96,"column":4},"end":{"line":96,"column":5}},"loc":{"start":{"line":96,"column":30},"end":{"line":99,"column":5}},"line":96}},"branchMap":{"0":{"loc":{"start":{"line":68,"column":8},"end":{"line":68,"column":48}},"type":"if","locations":[{"start":{"line":68,"column":8},"end":{"line":68,"column":48}},{"start":{},"end":{}}],"line":68},"1":{"loc":{"start":{"line":102,"column":0},"end":{"line":104,"column":1}},"type":"if","locations":[{"start":{"line":102,"column":0},"end":{"line":104,"column":1}},{"start":{},"end":{}}],"line":102},"2":{"loc":{"start":{"line":102,"column":4},"end":{"line":102,"column":51}},"type":"binary-expr","locations":[{"start":{"line":102,"column":4},"end":{"line":102,"column":33}},{"start":{"line":102,"column":37},"end":{"line":102,"column":51}}],"line":102}},"s":{"0":8,"1":8,"2":8,"3":8,"4":8,"5":8,"6":8,"7":1,"8":1,"9":1,"10":1,"11":3,"12":10,"13":3,"14":1,"15":1,"16":1,"17":1,"18":3,"19":1,"20":2,"21":2,"22":2,"23":2,"24":1,"25":1,"26":2,"27":2,"28":1,"29":1},"f":{"0":8,"1":1,"2":1,"3":3,"4":10,"5":3,"6":1,"7":3,"8":2,"9":1,"10":2},"b":{"0":[1,2],"1":[1,0],"2":[1,1]},"_coverageSchema":"1a1c01bbd47fc00a2c39e90264f33305004495a9","hash":"15dd26eb144edf195e1b367b74489f0260c631ef"}
,"C:\\Users\\rohit\\OneDrive\\Desktop\\MyProjects\\election-guide-ai\\services\\calendarService.js": {"path":"C:\\Users\\rohit\\OneDrive\\Desktop\\MyProjects\\election-guide-ai\\services\\calendarService.js","statementMap":{"0":{"start":{"line":3,"column":24},"end":{"line":50,"column":1}},"1":{"start":{"line":12,"column":8},"end":{"line":48,"column":9}},"2":{"start":{"line":13,"column":30},"end":{"line":13,"column":50}},"3":{"start":{"line":16,"column":12},"end":{"line":18,"column":13}},"4":{"start":{"line":17,"column":16},"end":{"line":17,"column":48}},"5":{"start":{"line":21,"column":28},"end":{"line":21,"column":76}},"6":{"start":{"line":24,"column":37},"end":{"line":26,"column":13}},"7":{"start":{"line":25,"column":16},"end":{"line":25,"column":68}},"8":{"start":{"line":28,"column":26},"end":{"line":28,"column":53}},"9":{"start":{"line":29,"column":24},"end":{"line":29,"column":49}},"10":{"start":{"line":32,"column":30},"end":{"line":37,"column":14}},"11":{"start":{"line":39,"column":12},"end":{"line":39,"column":89}},"12":{"start":{"line":42,"column":35},"end":{"line":46,"column":14}},"13":{"start":{"line":47,"column":12},"end":{"line":47,"column":94}},"14":{"start":{"line":52,"column":0},"end":{"line":54,"column":1}},"15":{"start":{"line":53,"column":4},"end":{"line":53,"column":37}}},"fnMap":{"0":{"name":"(anonymous_0)","decl":{"start":{"line":11,"column":32},"end":{"line":11,"column":33}},"loc":{"start":{"line":11,"column":64},"end":{"line":49,"column":5}},"line":11},"1":{"name":"(anonymous_1)","decl":{"start":{"line":24,"column":37},"end":{"line":24,"column":38}},"loc":{"start":{"line":24,"column":44},"end":{"line":26,"column":13}},"line":24}},"branchMap":{"0":{"loc":{"start":{"line":16,"column":12},"end":{"line":18,"column":13}},"type":"if","locations":[{"start":{"line":16,"column":12},"end":{"line":18,"column":13}},{"start":{},"end":{}}],"line":16},"1":{"loc":{"start":{"line":44,"column":22},"end":{"line":44,"column":47}},"type":"binary-expr","locations":[{"start":{"line":44,"column":22},"end":{"line":44,"column":27}},{"start":{"line":44,"column":31},"end":{"line":44,"column":47}}],"line":44},"2":{"loc":{"start":{"line":45,"column":25},"end":{"line":45,"column":38}},"type":"binary-expr","locations":[{"start":{"line":45,"column":25},"end":{"line":45,"column":32}},{"start":{"line":45,"column":36},"end":{"line":45,"column":38}}],"line":45},"3":{"loc":{"start":{"line":52,"column":0},"end":{"line":54,"column":1}},"type":"if","locations":[{"start":{"line":52,"column":0},"end":{"line":54,"column":1}},{"start":{},"end":{}}],"line":52},"4":{"loc":{"start":{"line":52,"column":4},"end":{"line":52,"column":51}},"type":"binary-expr","locations":[{"start":{"line":52,"column":4},"end":{"line":52,"column":33}},{"start":{"line":52,"column":37},"end":{"line":52,"column":51}}],"line":52}},"s":{"0":1,"1":2,"2":2,"3":2,"4":1,"5":1,"6":1,"7":2,"8":1,"9":1,"10":1,"11":1,"12":1,"13":1,"14":1,"15":1},"f":{"0":2,"1":2},"b":{"0":[1,1],"1":[1,0],"2":[1,0],"3":[1,0],"4":[1,1]},"_coverageSchema":"1a1c01bbd47fc00a2c39e90264f33305004495a9","hash":"2a2998a669da65da0c2cdaa91d3c7ed17e4cab28"}
,"C:\\Users\\rohit\\OneDrive\\Desktop\\MyProjects\\election-guide-ai\\services\\civicService.js": {"path":"C:\\Users\\rohit\\OneDrive\\Desktop\\MyProjects\\election-guide-ai\\services\\civicService.js","statementMap":{"0":{"start":{"line":7,"column":8},"end":{"line":7,"column":65}},"1":{"start":{"line":8,"column":8},"end":{"line":8,"column":31}},"2":{"start":{"line":17,"column":25},"end":{"line":17,"column":36}},"3":{"start":{"line":18,"column":8},"end":{"line":18,"column":70}},"4":{"start":{"line":18,"column":38},"end":{"line":18,"column":70}},"5":{"start":{"line":20,"column":23},"end":{"line":20,"column":43}},"6":{"start":{"line":21,"column":8},"end":{"line":23,"column":9}},"7":{"start":{"line":22,"column":12},"end":{"line":22,"column":48}},"8":{"start":{"line":25,"column":8},"end":{"line":43,"column":9}},"9":{"start":{"line":26,"column":29},"end":{"line":29,"column":13}},"10":{"start":{"line":31,"column":12},"end":{"line":34,"column":13}},"11":{"start":{"line":32,"column":16},"end":{"line":32,"column":78}},"12":{"start":{"line":33,"column":16},"end":{"line":33,"column":52}},"13":{"start":{"line":36,"column":25},"end":{"line":36,"column":46}},"14":{"start":{"line":37,"column":30},"end":{"line":37,"column":81}},"15":{"start":{"line":37,"column":65},"end":{"line":37,"column":80}},"16":{"start":{"line":38,"column":12},"end":{"line":38,"column":48}},"17":{"start":{"line":39,"column":12},"end":{"line":39,"column":29}},"18":{"start":{"line":41,"column":12},"end":{"line":41,"column":77}},"19":{"start":{"line":42,"column":12},"end":{"line":42,"column":48}},"20":{"start":{"line":54,"column":8},"end":{"line":56,"column":9}},"21":{"start":{"line":55,"column":12},"end":{"line":55,"column":64}},"22":{"start":{"line":58,"column":29},"end":{"line":58,"column":87}},"23":{"start":{"line":59,"column":25},"end":{"line":59,"column":72}},"24":{"start":{"line":60,"column":8},"end":{"line":60,"column":70}},"25":{"start":{"line":60,"column":38},"end":{"line":60,"column":70}},"26":{"start":{"line":62,"column":23},"end":{"line":62,"column":43}},"27":{"start":{"line":63,"column":8},"end":{"line":65,"column":9}},"28":{"start":{"line":64,"column":12},"end":{"line":64,"column":62}},"29":{"start":{"line":67,"column":8},"end":{"line":87,"column":9}},"30":{"start":{"line":68,"column":22},"end":{"line":68,"column":107}},"31":{"start":{"line":69,"column":12},"end":{"line":69,"column":83}},"32":{"start":{"line":69,"column":28},"end":{"line":69,"column":83}},"33":{"start":{"line":71,"column":12},"end":{"line":71,"column":82}},"34":{"start":{"line":72,"column":29},"end":{"line":72,"column":85}},"35":{"start":{"line":74,"column":12},"end":{"line":79,"column":13}},"36":{"start":{"line":75,"column":32},"end":{"line":75,"column":71}},"37":{"start":{"line":75,"column":67},"end":{"line":75,"column":69}},"38":{"start":{"line":76,"column":31},"end":{"line":76,"column":84}},"39":{"start":{"line":77,"column":16},"end":{"line":77,"column":67}},"40":{"start":{"line":78,"column":16},"end":{"line":78,"column":41}},"41":{"start":{"line":81,"column":25},"end":{"line":81,"column":46}},"42":{"start":{"line":82,"column":12},"end":{"line":82,"column":43}},"43":{"start":{"line":83,"column":12},"end":{"line":83,"column":24}},"44":{"start":{"line":85,"column":12},"end":{"line":85,"column":77}},"45":{"start":{"line":86,"column":12},"end":{"line":86,"column":67}},"46":{"start":{"line":97,"column":8},"end":{"line":99,"column":9}},"47":{"start":{"line":98,"column":12},"end":{"line":98,"column":64}},"48":{"start":{"line":101,"column":29},"end":{"line":101,"column":87}},"49":{"start":{"line":102,"column":25},"end":{"line":102,"column":47}},"50":{"start":{"line":103,"column":8},"end":{"line":103,"column":70}},"51":{"start":{"line":103,"column":38},"end":{"line":103,"column":70}},"52":{"start":{"line":105,"column":23},"end":{"line":105,"column":43}},"53":{"start":{"line":106,"column":8},"end":{"line":108,"column":9}},"54":{"start":{"line":107,"column":12},"end":{"line":107,"column":62}},"55":{"start":{"line":110,"column":8},"end":{"line":126,"column":9}},"56":{"start":{"line":111,"column":24},"end":{"line":111,"column":115}},"57":{"start":{"line":112,"column":29},"end":{"line":112,"column":85}},"58":{"start":{"line":114,"column":12},"end":{"line":118,"column":13}},"59":{"start":{"line":115,"column":32},"end":{"line":115,"column":71}},"60":{"start":{"line":115,"column":67},"end":{"line":115,"column":69}},"61":{"start":{"line":116,"column":16},"end":{"line":116,"column":90}},"62":{"start":{"line":117,"column":16},"end":{"line":117,"column":88}},"63":{"start":{"line":120,"column":25},"end":{"line":120,"column":46}},"64":{"start":{"line":121,"column":12},"end":{"line":121,"column":43}},"65":{"start":{"line":122,"column":12},"end":{"line":122,"column":24}},"66":{"start":{"line":124,"column":12},"end":{"line":124,"column":83}},"67":{"start":{"line":125,"column":12},"end":{"line":125,"column":72}},"68":{"start":{"line":133,"column":8},"end":{"line":133,"column":27}},"69":{"start":{"line":140,"column":8},"end":{"line":147,"column":10}},"70":{"start":{"line":151,"column":0},"end":{"line":153,"column":1}},"71":{"start":{"line":152,"column":4},"end":{"line":152,"column":34}}},"fnMap":{"0":{"name":"(anonymous_0)","decl":{"start":{"line":6,"column":4},"end":{"line":6,"column":5}},"loc":{"start":{"line":6,"column":18},"end":{"line":9,"column":5}},"line":6},"1":{"name":"(anonymous_1)","decl":{"start":{"line":16,"column":4},"end":{"line":16,"column":5}},"loc":{"start":{"line":16,"column":25},"end":{"line":44,"column":5}},"line":16},"2":{"name":"(anonymous_2)","decl":{"start":{"line":37,"column":60},"end":{"line":37,"column":61}},"loc":{"start":{"line":37,"column":65},"end":{"line":37,"column":80}},"line":37},"3":{"name":"(anonymous_3)","decl":{"start":{"line":53,"column":4},"end":{"line":53,"column":5}},"loc":{"start":{"line":53,"column":44},"end":{"line":88,"column":5}},"line":53},"4":{"name":"(anonymous_4)","decl":{"start":{"line":75,"column":60},"end":{"line":75,"column":61}},"loc":{"start":{"line":75,"column":67},"end":{"line":75,"column":69}},"line":75},"5":{"name":"(anonymous_5)","decl":{"start":{"line":96,"column":4},"end":{"line":96,"column":5}},"loc":{"start":{"line":96,"column":38},"end":{"line":127,"column":5}},"line":96},"6":{"name":"(anonymous_6)","decl":{"start":{"line":115,"column":60},"end":{"line":115,"column":61}},"loc":{"start":{"line":115,"column":67},"end":{"line":115,"column":69}},"line":115},"7":{"name":"(anonymous_7)","decl":{"start":{"line":132,"column":4},"end":{"line":132,"column":5}},"loc":{"start":{"line":132,"column":17},"end":{"line":134,"column":5}},"line":132},"8":{"name":"(anonymous_8)","decl":{"start":{"line":139,"column":4},"end":{"line":139,"column":5}},"loc":{"start":{"line":139,"column":28},"end":{"line":148,"column":5}},"line":139}},"branchMap":{"0":{"loc":{"start":{"line":18,"column":8},"end":{"line":18,"column":70}},"type":"if","locations":[{"start":{"line":18,"column":8},"end":{"line":18,"column":70}},{"start":{},"end":{}}],"line":18},"1":{"loc":{"start":{"line":21,"column":8},"end":{"line":23,"column":9}},"type":"if","locations":[{"start":{"line":21,"column":8},"end":{"line":23,"column":9}},{"start":{},"end":{}}],"line":21},"2":{"loc":{"start":{"line":31,"column":12},"end":{"line":34,"column":13}},"type":"if","locations":[{"start":{"line":31,"column":12},"end":{"line":34,"column":13}},{"start":{},"end":{}}],"line":31},"3":{"loc":{"start":{"line":37,"column":31},"end":{"line":37,"column":51}},"type":"binary-expr","locations":[{"start":{"line":37,"column":31},"end":{"line":37,"column":45}},{"start":{"line":37,"column":49},"end":{"line":37,"column":51}}],"line":37},"4":{"loc":{"start":{"line":54,"column":8},"end":{"line":56,"column":9}},"type":"if","locations":[{"start":{"line":54,"column":8},"end":{"line":56,"column":9}},{"start":{},"end":{}}],"line":54},"5":{"loc":{"start":{"line":54,"column":12},"end":{"line":54,"column":80}},"type":"binary-expr","locations":[{"start":{"line":54,"column":12},"end":{"line":54,"column":20}},{"start":{"line":54,"column":24},"end":{"line":54,"column":51}},{"start":{"line":54,"column":55},"end":{"line":54,"column":80}}],"line":54},"6":{"loc":{"start":{"line":59,"column":54},"end":{"line":59,"column":70}},"type":"binary-expr","locations":[{"start":{"line":59,"column":54},"end":{"line":59,"column":64}},{"start":{"line":59,"column":68},"end":{"line":59,"column":70}}],"line":59},"7":{"loc":{"start":{"line":60,"column":8},"end":{"line":60,"column":70}},"type":"if","locations":[{"start":{"line":60,"column":8},"end":{"line":60,"column":70}},{"start":{},"end":{}}],"line":60},"8":{"loc":{"start":{"line":63,"column":8},"end":{"line":65,"column":9}},"type":"if","locations":[{"start":{"line":63,"column":8},"end":{"line":65,"column":9}},{"start":{},"end":{}}],"line":63},"9":{"loc":{"start":{"line":69,"column":12},"end":{"line":69,"column":83}},"type":"if","locations":[{"start":{"line":69,"column":12},"end":{"line":69,"column":83}},{"start":{},"end":{}}],"line":69},"10":{"loc":{"start":{"line":74,"column":12},"end":{"line":79,"column":13}},"type":"if","locations":[{"start":{"line":74,"column":12},"end":{"line":79,"column":13}},{"start":{},"end":{}}],"line":74},"11":{"loc":{"start":{"line":76,"column":31},"end":{"line":76,"column":84}},"type":"binary-expr","locations":[{"start":{"line":76,"column":31},"end":{"line":76,"column":54}},{"start":{"line":76,"column":58},"end":{"line":76,"column":84}}],"line":76},"12":{"loc":{"start":{"line":97,"column":8},"end":{"line":99,"column":9}},"type":"if","locations":[{"start":{"line":97,"column":8},"end":{"line":99,"column":9}},{"start":{},"end":{}}],"line":97},"13":{"loc":{"start":{"line":97,"column":12},"end":{"line":97,"column":80}},"type":"binary-expr","locations":[{"start":{"line":97,"column":12},"end":{"line":97,"column":20}},{"start":{"line":97,"column":24},"end":{"line":97,"column":51}},{"start":{"line":97,"column":55},"end":{"line":97,"column":80}}],"line":97},"14":{"loc":{"start":{"line":103,"column":8},"end":{"line":103,"column":70}},"type":"if","locations":[{"start":{"line":103,"column":8},"end":{"line":103,"column":70}},{"start":{},"end":{}}],"line":103},"15":{"loc":{"start":{"line":106,"column":8},"end":{"line":108,"column":9}},"type":"if","locations":[{"start":{"line":106,"column":8},"end":{"line":108,"column":9}},{"start":{},"end":{}}],"line":106},"16":{"loc":{"start":{"line":114,"column":12},"end":{"line":118,"column":13}},"type":"if","locations":[{"start":{"line":114,"column":12},"end":{"line":118,"column":13}},{"start":{},"end":{}}],"line":114},"17":{"loc":{"start":{"line":117,"column":32},"end":{"line":117,"column":85}},"type":"binary-expr","locations":[{"start":{"line":117,"column":32},"end":{"line":117,"column":55}},{"start":{"line":117,"column":59},"end":{"line":117,"column":85}}],"line":117},"18":{"loc":{"start":{"line":151,"column":0},"end":{"line":153,"column":1}},"type":"if","locations":[{"start":{"line":151,"column":0},"end":{"line":153,"column":1}},{"start":{},"end":{}}],"line":151},"19":{"loc":{"start":{"line":151,"column":4},"end":{"line":151,"column":51}},"type":"binary-expr","locations":[{"start":{"line":151,"column":4},"end":{"line":151,"column":33}},{"start":{"line":151,"column":37},"end":{"line":151,"column":51}}],"line":151}},"s":{"0":20,"1":20,"2":5,"3":5,"4":1,"5":4,"6":4,"7":1,"8":3,"9":3,"10":2,"11":1,"12":1,"13":1,"14":1,"15":1,"16":1,"17":1,"18":1,"19":1,"20":9,"21":4,"22":5,"23":5,"24":5,"25":0,"26":5,"27":5,"28":1,"29":4,"30":4,"31":4,"32":0,"33":4,"34":4,"35":3,"36":1,"37":0,"38":1,"39":1,"40":1,"41":2,"42":2,"43":2,"44":1,"45":1,"46":5,"47":1,"48":4,"49":4,"50":4,"51":0,"52":4,"53":4,"54":1,"55":3,"56":3,"57":3,"58":2,"59":1,"60":0,"61":1,"62":1,"63":1,"64":1,"65":1,"66":1,"67":1,"68":1,"69":3,"70":2,"71":2},"f":{"0":20,"1":5,"2":1,"3":9,"4":0,"5":5,"6":0,"7":1,"8":3},"b":{"0":[1,4],"1":[1,3],"2":[1,1],"3":[1,0],"4":[4,5],"5":[9,7,7],"6":[5,5],"7":[0,5],"8":[1,4],"9":[0,4],"10":[1,2],"11":[1,0],"12":[1,4],"13":[5,5,5],"14":[0,4],"15":[1,3],"16":[1,1],"17":[1,0],"18":[2,0],"19":[2,2]},"_coverageSchema":"1a1c01bbd47fc00a2c39e90264f33305004495a9","hash":"c8cf62e25dcc0ad72a3e58c3b23b37803985ca52"}
,"C:\\Users\\rohit\\OneDrive\\Desktop\\MyProjects\\election-guide-ai\\services\\nlService.js": {"path":"C:\\Users\\rohit\\OneDrive\\Desktop\\MyProjects\\election-guide-ai\\services\\nlService.js","statementMap":{"0":{"start":{"line":7,"column":8},"end":{"line":7,"column":87}},"1":{"start":{"line":16,"column":8},"end":{"line":16,"column":31}},"2":{"start":{"line":16,"column":19},"end":{"line":16,"column":31}},"3":{"start":{"line":18,"column":23},"end":{"line":18,"column":40}},"4":{"start":{"line":19,"column":8},"end":{"line":19,"column":60}},"5":{"start":{"line":19,"column":48},"end":{"line":19,"column":60}},"6":{"start":{"line":21,"column":8},"end":{"line":39,"column":9}},"7":{"start":{"line":22,"column":29},"end":{"line":32,"column":14}},"8":{"start":{"line":34,"column":12},"end":{"line":34,"column":42}},"9":{"start":{"line":34,"column":30},"end":{"line":34,"column":42}},"10":{"start":{"line":35,"column":12},"end":{"line":35,"column":41}},"11":{"start":{"line":37,"column":12},"end":{"line":37,"column":53}},"12":{"start":{"line":38,"column":12},"end":{"line":38,"column":24}},"13":{"start":{"line":43,"column":0},"end":{"line":45,"column":1}},"14":{"start":{"line":44,"column":4},"end":{"line":44,"column":31}}},"fnMap":{"0":{"name":"(anonymous_0)","decl":{"start":{"line":6,"column":4},"end":{"line":6,"column":5}},"loc":{"start":{"line":6,"column":18},"end":{"line":8,"column":5}},"line":6},"1":{"name":"(anonymous_1)","decl":{"start":{"line":15,"column":4},"end":{"line":15,"column":5}},"loc":{"start":{"line":15,"column":31},"end":{"line":40,"column":5}},"line":15}},"branchMap":{"0":{"loc":{"start":{"line":16,"column":8},"end":{"line":16,"column":31}},"type":"if","locations":[{"start":{"line":16,"column":8},"end":{"line":16,"column":31}},{"start":{},"end":{}}],"line":16},"1":{"loc":{"start":{"line":19,"column":8},"end":{"line":19,"column":60}},"type":"if","locations":[{"start":{"line":19,"column":8},"end":{"line":19,"column":60}},{"start":{},"end":{}}],"line":19},"2":{"loc":{"start":{"line":19,"column":12},"end":{"line":19,"column":46}},"type":"binary-expr","locations":[{"start":{"line":19,"column":12},"end":{"line":19,"column":19}},{"start":{"line":19,"column":23},"end":{"line":19,"column":46}}],"line":19},"3":{"loc":{"start":{"line":34,"column":12},"end":{"line":34,"column":42}},"type":"if","locations":[{"start":{"line":34,"column":12},"end":{"line":34,"column":42}},{"start":{},"end":{}}],"line":34},"4":{"loc":{"start":{"line":43,"column":0},"end":{"line":45,"column":1}},"type":"if","locations":[{"start":{"line":43,"column":0},"end":{"line":45,"column":1}},{"start":{},"end":{}}],"line":43},"5":{"loc":{"start":{"line":43,"column":4},"end":{"line":43,"column":51}},"type":"binary-expr","locations":[{"start":{"line":43,"column":4},"end":{"line":43,"column":33}},{"start":{"line":43,"column":37},"end":{"line":43,"column":51}}],"line":43}},"s":{"0":1,"1":1,"2":0,"3":1,"4":1,"5":0,"6":1,"7":1,"8":1,"9":0,"10":1,"11":0,"12":0,"13":1,"14":1},"f":{"0":1,"1":1},"b":{"0":[0,1],"1":[0,1],"2":[1,1],"3":[0,1],"4":[1,0],"5":[1,1]},"_coverageSchema":"1a1c01bbd47fc00a2c39e90264f33305004495a9","hash":"6e43be91030d52e5012c146aa8ffdd90cc9a4ece"}
,"C:\\Users\\rohit\\OneDrive\\Desktop\\MyProjects\\election-guide-ai\\services\\translationService.js": {"path":"C:\\Users\\rohit\\OneDrive\\Desktop\\MyProjects\\election-guide-ai\\services\\translationService.js","statementMap":{"0":{"start":{"line":7,"column":8},"end":{"line":7,"column":83}},"1":{"start":{"line":8,"column":8},"end":{"line":8,"column":31}},"2":{"start":{"line":18,"column":8},"end":{"line":18,"column":54}},"3":{"start":{"line":18,"column":42},"end":{"line":18,"column":54}},"4":{"start":{"line":20,"column":23},"end":{"line":20,"column":47}},"5":{"start":{"line":21,"column":8},"end":{"line":24,"column":9}},"6":{"start":{"line":22,"column":12},"end":{"line":22,"column":90}},"7":{"start":{"line":23,"column":12},"end":{"line":23,"column":24}},"8":{"start":{"line":26,"column":25},"end":{"line":26,"column":48}},"9":{"start":{"line":27,"column":8},"end":{"line":27,"column":70}},"10":{"start":{"line":27,"column":38},"end":{"line":27,"column":70}},"11":{"start":{"line":29,"column":8},"end":{"line":50,"column":9}},"12":{"start":{"line":30,"column":29},"end":{"line":38,"column":14}},"13":{"start":{"line":40,"column":12},"end":{"line":40,"column":91}},"14":{"start":{"line":40,"column":30},"end":{"line":40,"column":91}},"15":{"start":{"line":42,"column":25},"end":{"line":42,"column":46}},"16":{"start":{"line":43,"column":35},"end":{"line":43,"column":88}},"17":{"start":{"line":45,"column":12},"end":{"line":45,"column":53}},"18":{"start":{"line":46,"column":12},"end":{"line":46,"column":34}},"19":{"start":{"line":48,"column":12},"end":{"line":48,"column":62}},"20":{"start":{"line":49,"column":12},"end":{"line":49,"column":24}},"21":{"start":{"line":54,"column":0},"end":{"line":56,"column":1}},"22":{"start":{"line":55,"column":4},"end":{"line":55,"column":40}}},"fnMap":{"0":{"name":"(anonymous_0)","decl":{"start":{"line":6,"column":4},"end":{"line":6,"column":5}},"loc":{"start":{"line":6,"column":18},"end":{"line":9,"column":5}},"line":6},"1":{"name":"(anonymous_1)","decl":{"start":{"line":17,"column":4},"end":{"line":17,"column":5}},"loc":{"start":{"line":17,"column":42},"end":{"line":51,"column":5}},"line":17}},"branchMap":{"0":{"loc":{"start":{"line":18,"column":8},"end":{"line":18,"column":54}},"type":"if","locations":[{"start":{"line":18,"column":8},"end":{"line":18,"column":54}},{"start":{},"end":{}}],"line":18},"1":{"loc":{"start":{"line":18,"column":12},"end":{"line":18,"column":40}},"type":"binary-expr","locations":[{"start":{"line":18,"column":12},"end":{"line":18,"column":17}},{"start":{"line":18,"column":21},"end":{"line":18,"column":40}}],"line":18},"2":{"loc":{"start":{"line":21,"column":8},"end":{"line":24,"column":9}},"type":"if","locations":[{"start":{"line":21,"column":8},"end":{"line":24,"column":9}},{"start":{},"end":{}}],"line":21},"3":{"loc":{"start":{"line":21,"column":12},"end":{"line":21,"column":46}},"type":"binary-expr","locations":[{"start":{"line":21,"column":12},"end":{"line":21,"column":19}},{"start":{"line":21,"column":23},"end":{"line":21,"column":46}}],"line":21},"4":{"loc":{"start":{"line":27,"column":8},"end":{"line":27,"column":70}},"type":"if","locations":[{"start":{"line":27,"column":8},"end":{"line":27,"column":70}},{"start":{},"end":{}}],"line":27},"5":{"loc":{"start":{"line":40,"column":12},"end":{"line":40,"column":91}},"type":"if","locations":[{"start":{"line":40,"column":12},"end":{"line":40,"column":91}},{"start":{},"end":{}}],"line":40},"6":{"loc":{"start":{"line":43,"column":35},"end":{"line":43,"column":88}},"type":"binary-expr","locations":[{"start":{"line":43,"column":35},"end":{"line":43,"column":80}},{"start":{"line":43,"column":84},"end":{"line":43,"column":88}}],"line":43},"7":{"loc":{"start":{"line":54,"column":0},"end":{"line":56,"column":1}},"type":"if","locations":[{"start":{"line":54,"column":0},"end":{"line":56,"column":1}},{"start":{},"end":{}}],"line":54},"8":{"loc":{"start":{"line":54,"column":4},"end":{"line":54,"column":51}},"type":"binary-expr","locations":[{"start":{"line":54,"column":4},"end":{"line":54,"column":33}},{"start":{"line":54,"column":37},"end":{"line":54,"column":51}}],"line":54}},"s":{"0":1,"1":1,"2":1,"3":0,"4":1,"5":1,"6":0,"7":0,"8":1,"9":1,"10":0,"11":1,"12":1,"13":1,"14":0,"15":1,"16":1,"17":1,"18":1,"19":0,"20":0,"21":1,"22":1},"f":{"0":1,"1":1},"b":{"0":[0,1],"1":[1,1],"2":[0,1],"3":[1,1],"4":[0,1],"5":[0,1],"6":[1,0],"7":[1,0],"8":[1,1]},"_coverageSchema":"1a1c01bbd47fc00a2c39e90264f33305004495a9","hash":"8e9a665aaf75cb499f11233e005586db5ac80c1f"}
,"C:\\Users\\rohit\\OneDrive\\Desktop\\MyProjects\\election-guide-ai\\services\\ttsService.js": {"path":"C:\\Users\\rohit\\OneDrive\\Desktop\\MyProjects\\election-guide-ai\\services\\ttsService.js","statementMap":{"0":{"start":{"line":7,"column":8},"end":{"line":7,"column":81}},"1":{"start":{"line":8,"column":8},"end":{"line":8,"column":33}},"2":{"start":{"line":18,"column":8},"end":{"line":18,"column":26}},"3":{"start":{"line":18,"column":19},"end":{"line":18,"column":26}},"4":{"start":{"line":20,"column":23},"end":{"line":20,"column":41}},"5":{"start":{"line":21,"column":8},"end":{"line":24,"column":9}},"6":{"start":{"line":22,"column":12},"end":{"line":22,"column":57}},"7":{"start":{"line":23,"column":12},"end":{"line":23,"column":19}},"8":{"start":{"line":26,"column":8},"end":{"line":46,"column":9}},"9":{"start":{"line":27,"column":29},"end":{"line":35,"column":14}},"10":{"start":{"line":37,"column":12},"end":{"line":37,"column":83}},"11":{"start":{"line":37,"column":30},"end":{"line":37,"column":83}},"12":{"start":{"line":39,"column":25},"end":{"line":39,"column":46}},"13":{"start":{"line":40,"column":30},"end":{"line":40,"column":80}},"14":{"start":{"line":41,"column":29},"end":{"line":41,"column":59}},"15":{"start":{"line":42,"column":12},"end":{"line":42,"column":52}},"16":{"start":{"line":43,"column":12},"end":{"line":43,"column":43}},"17":{"start":{"line":45,"column":12},"end":{"line":45,"column":54}},"18":{"start":{"line":54,"column":23},"end":{"line":54,"column":35}},"19":{"start":{"line":55,"column":20},"end":{"line":55,"column":33}},"20":{"start":{"line":56,"column":20},"end":{"line":56,"column":39}},"21":{"start":{"line":57,"column":8},"end":{"line":59,"column":9}},"22":{"start":{"line":57,"column":21},"end":{"line":57,"column":22}},"23":{"start":{"line":58,"column":12},"end":{"line":58,"column":42}},"24":{"start":{"line":60,"column":8},"end":{"line":60,"column":41}},"25":{"start":{"line":67,"column":8},"end":{"line":71,"column":9}},"26":{"start":{"line":68,"column":12},"end":{"line":68,"column":38}},"27":{"start":{"line":69,"column":12},"end":{"line":69,"column":46}},"28":{"start":{"line":70,"column":12},"end":{"line":70,"column":37}},"29":{"start":{"line":75,"column":0},"end":{"line":77,"column":1}},"30":{"start":{"line":76,"column":4},"end":{"line":76,"column":32}}},"fnMap":{"0":{"name":"(anonymous_0)","decl":{"start":{"line":6,"column":4},"end":{"line":6,"column":5}},"loc":{"start":{"line":6,"column":18},"end":{"line":9,"column":5}},"line":6},"1":{"name":"(anonymous_1)","decl":{"start":{"line":17,"column":4},"end":{"line":17,"column":5}},"loc":{"start":{"line":17,"column":46},"end":{"line":47,"column":5}},"line":17},"2":{"name":"(anonymous_2)","decl":{"start":{"line":53,"column":4},"end":{"line":53,"column":5}},"loc":{"start":{"line":53,"column":32},"end":{"line":61,"column":5}},"line":53},"3":{"name":"(anonymous_3)","decl":{"start":{"line":66,"column":4},"end":{"line":66,"column":5}},"loc":{"start":{"line":66,"column":11},"end":{"line":72,"column":5}},"line":66}},"branchMap":{"0":{"loc":{"start":{"line":17,"column":22},"end":{"line":17,"column":44}},"type":"default-arg","locations":[{"start":{"line":17,"column":37},"end":{"line":17,"column":44}}],"line":17},"1":{"loc":{"start":{"line":18,"column":8},"end":{"line":18,"column":26}},"type":"if","locations":[{"start":{"line":18,"column":8},"end":{"line":18,"column":26}},{"start":{},"end":{}}],"line":18},"2":{"loc":{"start":{"line":21,"column":8},"end":{"line":24,"column":9}},"type":"if","locations":[{"start":{"line":21,"column":8},"end":{"line":24,"column":9}},{"start":{},"end":{}}],"line":21},"3":{"loc":{"start":{"line":21,"column":12},"end":{"line":21,"column":46}},"type":"binary-expr","locations":[{"start":{"line":21,"column":12},"end":{"line":21,"column":19}},{"start":{"line":21,"column":23},"end":{"line":21,"column":46}}],"line":21},"4":{"loc":{"start":{"line":37,"column":12},"end":{"line":37,"column":83}},"type":"if","locations":[{"start":{"line":37,"column":12},"end":{"line":37,"column":83}},{"start":{},"end":{}}],"line":37},"5":{"loc":{"start":{"line":67,"column":8},"end":{"line":71,"column":9}},"type":"if","locations":[{"start":{"line":67,"column":8},"end":{"line":71,"column":9}},{"start":{},"end":{}}],"line":67},"6":{"loc":{"start":{"line":75,"column":0},"end":{"line":77,"column":1}},"type":"if","locations":[{"start":{"line":75,"column":0},"end":{"line":77,"column":1}},{"start":{},"end":{}}],"line":75},"7":{"loc":{"start":{"line":75,"column":4},"end":{"line":75,"column":51}},"type":"binary-expr","locations":[{"start":{"line":75,"column":4},"end":{"line":75,"column":33}},{"start":{"line":75,"column":37},"end":{"line":75,"column":51}}],"line":75}},"s":{"0":1,"1":1,"2":1,"3":0,"4":1,"5":1,"6":0,"7":0,"8":1,"9":1,"10":1,"11":0,"12":1,"13":1,"14":1,"15":1,"16":1,"17":0,"18":1,"19":1,"20":1,"21":1,"22":1,"23":11,"24":1,"25":0,"26":0,"27":0,"28":0,"29":1,"30":1},"f":{"0":1,"1":1,"2":1,"3":0},"b":{"0":[1],"1":[0,1],"2":[0,1],"3":[1,1],"4":[0,1],"5":[0,0],"6":[1,0],"7":[1,1]},"_coverageSchema":"1a1c01bbd47fc00a2c39e90264f33305004495a9","hash":"0dd782c8902d40dc37014941f4393b72585610a4"}
,"C:\\Users\\rohit\\OneDrive\\Desktop\\MyProjects\\election-guide-ai\\utils\\formatting.js": {"path":"C:\\Users\\rohit\\OneDrive\\Desktop\\MyProjects\\election-guide-ai\\utils\\formatting.js","statementMap":{"0":{"start":{"line":9,"column":4},"end":{"line":9,"column":24}},"1":{"start":{"line":9,"column":14},"end":{"line":9,"column":24}},"2":{"start":{"line":10,"column":4},"end":{"line":16,"column":20}},"3":{"start":{"line":10,"column":43},"end":{"line":16,"column":17}},"4":{"start":{"line":25,"column":4},"end":{"line":25,"column":31}},"5":{"start":{"line":26,"column":4},"end":{"line":26,"column":22}},"6":{"start":{"line":26,"column":15},"end":{"line":26,"column":22}},"7":{"start":{"line":28,"column":18},"end":{"line":28,"column":34}},"8":{"start":{"line":29,"column":13},"end":{"line":29,"column":17}},"9":{"start":{"line":32,"column":22},"end":{"line":32,"column":50}},"10":{"start":{"line":33,"column":8},"end":{"line":41,"column":11}},"11":{"start":{"line":34,"column":12},"end":{"line":40,"column":13}},"12":{"start":{"line":35,"column":31},"end":{"line":35,"column":63}},"13":{"start":{"line":36,"column":16},"end":{"line":36,"column":55}},"14":{"start":{"line":37,"column":16},"end":{"line":37,"column":39}},"15":{"start":{"line":39,"column":16},"end":{"line":39,"column":62}},"16":{"start":{"line":44,"column":4},"end":{"line":63,"column":7}},"17":{"start":{"line":45,"column":8},"end":{"line":62,"column":9}},"18":{"start":{"line":46,"column":12},"end":{"line":50,"column":13}},"19":{"start":{"line":47,"column":16},"end":{"line":47,"column":50}},"20":{"start":{"line":48,"column":16},"end":{"line":48,"column":41}},"21":{"start":{"line":49,"column":16},"end":{"line":49,"column":42}},"22":{"start":{"line":51,"column":23},"end":{"line":51,"column":51}},"23":{"start":{"line":52,"column":12},"end":{"line":52,"column":94}},"24":{"start":{"line":53,"column":12},"end":{"line":53,"column":31}},"25":{"start":{"line":55,"column":12},"end":{"line":55,"column":22}},"26":{"start":{"line":56,"column":12},"end":{"line":61,"column":13}},"27":{"start":{"line":57,"column":26},"end":{"line":57,"column":53}},"28":{"start":{"line":58,"column":16},"end":{"line":58,"column":45}},"29":{"start":{"line":59,"column":16},"end":{"line":59,"column":46}},"30":{"start":{"line":60,"column":16},"end":{"line":60,"column":41}},"31":{"start":{"line":67,"column":4},"end":{"line":70,"column":5}},"32":{"start":{"line":68,"column":8},"end":{"line":68,"column":127}},"33":{"start":{"line":69,"column":8},"end":{"line":69,"column":15}},"34":{"start":{"line":72,"column":4},"end":{"line":82,"column":16}},"35":{"start":{"line":72,"column":45},"end":{"line":82,"column":5}},"36":{"start":{"line":86,"column":4},"end":{"line":89,"column":5}},"37":{"start":{"line":87,"column":8},"end":{"line":87,"column":140}},"38":{"start":{"line":88,"column":8},"end":{"line":88,"column":15}},"39":{"start":{"line":91,"column":4},"end":{"line":101,"column":16}},"40":{"start":{"line":91,"column":52},"end":{"line":101,"column":5}},"41":{"start":{"line":105,"column":4},"end":{"line":105,"column":48}},"42":{"start":{"line":105,"column":41},"end":{"line":105,"column":48}},"43":{"start":{"line":106,"column":21},"end":{"line":106,"column":118}},"44":{"start":{"line":106,"column":60},"end":{"line":106,"column":108}},"45":{"start":{"line":107,"column":16},"end":{"line":107,"column":45}},"46":{"start":{"line":108,"column":4},"end":{"line":108,"column":35}},"47":{"start":{"line":109,"column":4},"end":{"line":109,"column":86}},"48":{"start":{"line":110,"column":4},"end":{"line":110,"column":31}},"49":{"start":{"line":113,"column":0},"end":{"line":115,"column":1}},"50":{"start":{"line":114,"column":4},"end":{"line":114,"column":113}}},"fnMap":{"0":{"name":"escapeHTML","decl":{"start":{"line":8,"column":9},"end":{"line":8,"column":19}},"loc":{"start":{"line":8,"column":25},"end":{"line":17,"column":1}},"line":8},"1":{"name":"(anonymous_1)","decl":{"start":{"line":10,"column":35},"end":{"line":10,"column":36}},"loc":{"start":{"line":10,"column":43},"end":{"line":16,"column":17}},"line":10},"2":{"name":"renderMarkdown","decl":{"start":{"line":24,"column":9},"end":{"line":24,"column":23}},"loc":{"start":{"line":24,"column":41},"end":{"line":64,"column":1}},"line":24},"3":{"name":"renderInlineMarkdown","decl":{"start":{"line":31,"column":13},"end":{"line":31,"column":33}},"loc":{"start":{"line":31,"column":44},"end":{"line":42,"column":5}},"line":31},"4":{"name":"(anonymous_4)","decl":{"start":{"line":33,"column":22},"end":{"line":33,"column":23}},"loc":{"start":{"line":33,"column":30},"end":{"line":41,"column":9}},"line":33},"5":{"name":"(anonymous_5)","decl":{"start":{"line":44,"column":18},"end":{"line":44,"column":19}},"loc":{"start":{"line":44,"column":26},"end":{"line":63,"column":5}},"line":44},"6":{"name":"renderElectionInfo","decl":{"start":{"line":66,"column":9},"end":{"line":66,"column":27}},"loc":{"start":{"line":66,"column":50},"end":{"line":83,"column":1}},"line":66},"7":{"name":"(anonymous_7)","decl":{"start":{"line":72,"column":40},"end":{"line":72,"column":41}},"loc":{"start":{"line":72,"column":45},"end":{"line":82,"column":5}},"line":72},"8":{"name":"renderPollingInfo","decl":{"start":{"line":85,"column":9},"end":{"line":85,"column":26}},"loc":{"start":{"line":85,"column":55},"end":{"line":102,"column":1}},"line":85},"9":{"name":"(anonymous_9)","decl":{"start":{"line":91,"column":46},"end":{"line":91,"column":47}},"loc":{"start":{"line":91,"column":52},"end":{"line":101,"column":5}},"line":91},"10":{"name":"renderAnalysisResult","decl":{"start":{"line":104,"column":9},"end":{"line":104,"column":29}},"loc":{"start":{"line":104,"column":51},"end":{"line":111,"column":1}},"line":104},"11":{"name":"(anonymous_11)","decl":{"start":{"line":106,"column":55},"end":{"line":106,"column":56}},"loc":{"start":{"line":106,"column":60},"end":{"line":106,"column":108}},"line":106}},"branchMap":{"0":{"loc":{"start":{"line":9,"column":4},"end":{"line":9,"column":24}},"type":"if","locations":[{"start":{"line":9,"column":4},"end":{"line":9,"column":24}},{"start":{},"end":{}}],"line":9},"1":{"loc":{"start":{"line":10,"column":43},"end":{"line":16,"column":17}},"type":"binary-expr","locations":[{"start":{"line":10,"column":43},"end":{"line":16,"column":10}},{"start":{"line":16,"column":14},"end":{"line":16,"column":17}}],"line":10},"2":{"loc":{"start":{"line":26,"column":4},"end":{"line":26,"column":22}},"type":"if","locations":[{"start":{"line":26,"column":4},"end":{"line":26,"column":22}},{"start":{},"end":{}}],"line":26},"3":{"loc":{"start":{"line":34,"column":12},"end":{"line":40,"column":13}},"type":"if","locations":[{"start":{"line":34,"column":12},"end":{"line":40,"column":13}},{"start":{"line":38,"column":19},"end":{"line":40,"column":13}}],"line":34},"4":{"loc":{"start":{"line":34,"column":16},"end":{"line":34,"column":60}},"type":"binary-expr","locations":[{"start":{"line":34,"column":16},"end":{"line":34,"column":37}},{"start":{"line":34,"column":41},"end":{"line":34,"column":60}}],"line":34},"5":{"loc":{"start":{"line":45,"column":8},"end":{"line":62,"column":9}},"type":"if","locations":[{"start":{"line":45,"column":8},"end":{"line":62,"column":9}},{"start":{"line":54,"column":15},"end":{"line":62,"column":9}}],"line":45},"6":{"loc":{"start":{"line":45,"column":12},"end":{"line":45,"column":73}},"type":"binary-expr","locations":[{"start":{"line":45,"column":12},"end":{"line":45,"column":41}},{"start":{"line":45,"column":45},"end":{"line":45,"column":73}}],"line":45},"7":{"loc":{"start":{"line":46,"column":12},"end":{"line":50,"column":13}},"type":"if","locations":[{"start":{"line":46,"column":12},"end":{"line":50,"column":13}},{"start":{},"end":{}}],"line":46},"8":{"loc":{"start":{"line":56,"column":12},"end":{"line":61,"column":13}},"type":"if","locations":[{"start":{"line":56,"column":12},"end":{"line":61,"column":13}},{"start":{},"end":{}}],"line":56},"9":{"loc":{"start":{"line":67,"column":4},"end":{"line":70,"column":5}},"type":"if","locations":[{"start":{"line":67,"column":4},"end":{"line":70,"column":5}},{"start":{},"end":{}}],"line":67},"10":{"loc":{"start":{"line":67,"column":8},"end":{"line":67,"column":44}},"type":"binary-expr","locations":[{"start":{"line":67,"column":8},"end":{"line":67,"column":18}},{"start":{"line":67,"column":22},"end":{"line":67,"column":44}}],"line":67},"11":{"loc":{"start":{"line":86,"column":4},"end":{"line":89,"column":5}},"type":"if","locations":[{"start":{"line":86,"column":4},"end":{"line":89,"column":5}},{"start":{},"end":{}}],"line":86},"12":{"loc":{"start":{"line":86,"column":8},"end":{"line":86,"column":56}},"type":"binary-expr","locations":[{"start":{"line":86,"column":8},"end":{"line":86,"column":24}},{"start":{"line":86,"column":28},"end":{"line":86,"column":56}}],"line":86},"13":{"loc":{"start":{"line":94,"column":48},"end":{"line":94,"column":92}},"type":"binary-expr","locations":[{"start":{"line":94,"column":48},"end":{"line":94,"column":71}},{"start":{"line":94,"column":75},"end":{"line":94,"column":92}}],"line":94},"14":{"loc":{"start":{"line":95,"column":86},"end":{"line":95,"column":130}},"type":"binary-expr","locations":[{"start":{"line":95,"column":86},"end":{"line":95,"column":109}},{"start":{"line":95,"column":113},"end":{"line":95,"column":130}}],"line":95},"15":{"loc":{"start":{"line":105,"column":4},"end":{"line":105,"column":48}},"type":"if","locations":[{"start":{"line":105,"column":4},"end":{"line":105,"column":48}},{"start":{},"end":{}}],"line":105},"16":{"loc":{"start":{"line":105,"column":8},"end":{"line":105,"column":39}},"type":"binary-expr","locations":[{"start":{"line":105,"column":8},"end":{"line":105,"column":17}},{"start":{"line":105,"column":21},"end":{"line":105,"column":39}}],"line":105},"17":{"loc":{"start":{"line":113,"column":0},"end":{"line":115,"column":1}},"type":"if","locations":[{"start":{"line":113,"column":0},"end":{"line":115,"column":1}},{"start":{},"end":{}}],"line":113},"18":{"loc":{"start":{"line":113,"column":4},"end":{"line":113,"column":51}},"type":"binary-expr","locations":[{"start":{"line":113,"column":4},"end":{"line":113,"column":33}},{"start":{"line":113,"column":37},"end":{"line":113,"column":51}}],"line":113}},"s":{"0":22,"1":2,"2":20,"3":31,"4":2,"5":2,"6":0,"7":2,"8":2,"9":3,"10":3,"11":5,"12":1,"13":1,"14":1,"15":4,"16":2,"17":3,"18":2,"19":1,"20":1,"21":1,"22":2,"23":2,"24":2,"25":1,"26":1,"27":1,"28":1,"29":1,"30":1,"31":2,"32":1,"33":1,"34":1,"35":1,"36":2,"37":1,"38":1,"39":1,"40":1,"41":2,"42":1,"43":1,"44":2,"45":1,"46":1,"47":1,"48":1,"49":2,"50":2},"f":{"0":22,"1":31,"2":2,"3":3,"4":5,"5":3,"6":2,"7":1,"8":2,"9":1,"10":2,"11":2},"b":{"0":[2,20],"1":[31,0],"2":[0,2],"3":[1,4],"4":[5,1],"5":[2,1],"6":[3,1],"7":[1,1],"8":[1,0],"9":[1,1],"10":[2,2],"11":[1,1],"12":[2,2],"13":[1,0],"14":[1,0],"15":[1,1],"16":[2,1],"17":[2,0],"18":[2,2]},"_coverageSchema":"1a1c01bbd47fc00a2c39e90264f33305004495a9","hash":"661ceb29d09d41a3ee7fd74568c640f5d6dfd7d1"}
}
