TN:
SF:logic\appState.js
FN:7,(anonymous_0)
FN:21,(anonymous_1)
FN:30,(anonymous_2)
FN:39,(anonymous_3)
FN:46,(anonymous_4)
FN:47,(anonymous_5)
FN:54,(anonymous_6)
FN:66,(anonymous_7)
FN:77,(anonymous_8)
FN:87,(anonymous_9)
FN:96,(anonymous_10)
FNF:11
FNH:11
FNDA:8,(anonymous_0)
FNDA:1,(anonymous_1)
FNDA:1,(anonymous_2)
FNDA:3,(anonymous_3)
FNDA:10,(anonymous_4)
FNDA:3,(anonymous_5)
FNDA:1,(anonymous_6)
FNDA:3,(anonymous_7)
FNDA:2,(anonymous_8)
FNDA:1,(anonymous_9)
FNDA:2,(anonymous_10)
DA:8,8
DA:9,8
DA:10,8
DA:11,8
DA:12,8
DA:13,8
DA:14,8
DA:22,1
DA:23,1
DA:31,1
DA:32,1
DA:40,3
DA:47,10
DA:55,1
DA:56,1
DA:57,1
DA:58,1
DA:68,3
DA:69,2
DA:70,2
DA:78,2
DA:79,2
DA:88,1
DA:89,1
DA:97,2
DA:98,2
DA:102,1
DA:103,1
LF:28
LH:28
BRDA:68,0,0,1
BRDA:68,0,1,2
BRDA:102,1,0,1
BRDA:102,1,1,0
BRDA:102,2,0,1
BRDA:102,2,1,1
BRF:6
BRH:5
end_of_record
TN:
SF:services\calendarService.js
FN:11,(anonymous_0)
FN:24,(anonymous_1)
FNF:2
FNH:2
FNDA:2,(anonymous_0)
FNDA:2,(anonymous_1)
DA:3,1
DA:12,2
DA:13,2
DA:16,2
DA:17,1
DA:21,1
DA:24,1
DA:25,2
DA:28,1
DA:29,1
DA:32,1
DA:39,1
DA:42,1
DA:47,1
DA:52,1
DA:53,1
LF:16
LH:16
BRDA:16,0,0,1
BRDA:16,0,1,1
BRDA:44,1,0,1
BRDA:44,1,1,0
BRDA:45,2,0,1
BRDA:45,2,1,0
BRDA:52,3,0,1
BRDA:52,3,1,0
BRDA:52,4,0,1
BRDA:52,4,1,1
BRF:10
BRH:7
end_of_record
TN:
SF:services\civicService.js
FN:6,(anonymous_0)
FN:16,(anonymous_1)
FN:37,(anonymous_2)
FN:53,(anonymous_3)
FN:75,(anonymous_4)
FN:96,(anonymous_5)
FN:115,(anonymous_6)
FN:132,(anonymous_7)
FN:139,(anonymous_8)
FNF:9
FNH:7
FNDA:20,(anonymous_0)
FNDA:5,(anonymous_1)
FNDA:1,(anonymous_2)
FNDA:9,(anonymous_3)
FNDA:0,(anonymous_4)
FNDA:5,(anonymous_5)
FNDA:0,(anonymous_6)
FNDA:1,(anonymous_7)
FNDA:3,(anonymous_8)
DA:7,20
DA:8,20
DA:17,5
DA:18,5
DA:20,4
DA:21,4
DA:22,1
DA:25,3
DA:26,3
DA:31,2
DA:32,1
DA:33,1
DA:36,1
DA:37,1
DA:38,1
DA:39,1
DA:41,1
DA:42,1
DA:54,9
DA:55,4
DA:58,5
DA:59,5
DA:60,5
DA:62,5
DA:63,5
DA:64,1
DA:67,4
DA:68,4
DA:69,4
DA:71,4
DA:72,4
DA:74,3
DA:75,1
DA:76,1
DA:77,1
DA:78,1
DA:81,2
DA:82,2
DA:83,2
DA:85,1
DA:86,1
DA:97,5
DA:98,1
DA:101,4
DA:102,4
DA:103,4
DA:105,4
DA:106,4
DA:107,1
DA:110,3
DA:111,3
DA:112,3
DA:114,2
DA:115,1
DA:116,1
DA:117,1
DA:120,1
DA:121,1
DA:122,1
DA:124,1
DA:125,1
DA:133,1
DA:140,3
DA:151,2
DA:152,2
LF:65
LH:65
BRDA:18,0,0,1
BRDA:18,0,1,4
BRDA:21,1,0,1
BRDA:21,1,1,3
BRDA:31,2,0,1
BRDA:31,2,1,1
BRDA:37,3,0,1
BRDA:37,3,1,0
BRDA:54,4,0,4
BRDA:54,4,1,5
BRDA:54,5,0,9
BRDA:54,5,1,7
BRDA:54,5,2,7
BRDA:59,6,0,5
BRDA:59,6,1,5
BRDA:60,7,0,0
BRDA:60,7,1,5
BRDA:63,8,0,1
BRDA:63,8,1,4
BRDA:69,9,0,0
BRDA:69,9,1,4
BRDA:74,10,0,1
BRDA:74,10,1,2
BRDA:76,11,0,1
BRDA:76,11,1,0
BRDA:97,12,0,1
BRDA:97,12,1,4
BRDA:97,13,0,5
BRDA:97,13,1,5
BRDA:97,13,2,5
BRDA:103,14,0,0
BRDA:103,14,1,4
BRDA:106,15,0,1
BRDA:106,15,1,3
BRDA:114,16,0,1
BRDA:114,16,1,1
BRDA:117,17,0,1
BRDA:117,17,1,0
BRDA:151,18,0,2
BRDA:151,18,1,0
BRDA:151,19,0,2
BRDA:151,19,1,2
BRF:42
BRH:35
end_of_record
TN:
SF:services\nlService.js
FN:6,(anonymous_0)
FN:15,(anonymous_1)
FNF:2
FNH:2
FNDA:1,(anonymous_0)
FNDA:1,(anonymous_1)
DA:7,1
DA:16,1
DA:18,1
DA:19,1
DA:21,1
DA:22,1
DA:34,1
DA:35,1
DA:37,0
DA:38,0
DA:43,1
DA:44,1
LF:12
LH:10
BRDA:16,0,0,0
BRDA:16,0,1,1
BRDA:19,1,0,0
BRDA:19,1,1,1
BRDA:19,2,0,1
BRDA:19,2,1,1
BRDA:34,3,0,0
BRDA:34,3,1,1
BRDA:43,4,0,1
BRDA:43,4,1,0
BRDA:43,5,0,1
BRDA:43,5,1,1
BRF:12
BRH:8
end_of_record
TN:
SF:services\translationService.js
FN:6,(anonymous_0)
FN:17,(anonymous_1)
FNF:2
FNH:2
FNDA:1,(anonymous_0)
FNDA:1,(anonymous_1)
DA:7,1
DA:8,1
DA:18,1
DA:20,1
DA:21,1
DA:22,0
DA:23,0
DA:26,1
DA:27,1
DA:29,1
DA:30,1
DA:40,1
DA:42,1
DA:43,1
DA:45,1
DA:46,1
DA:48,0
DA:49,0
DA:54,1
DA:55,1
LF:20
LH:16
BRDA:18,0,0,0
BRDA:18,0,1,1
BRDA:18,1,0,1
BRDA:18,1,1,1
BRDA:21,2,0,0
BRDA:21,2,1,1
BRDA:21,3,0,1
BRDA:21,3,1,1
BRDA:27,4,0,0
BRDA:27,4,1,1
BRDA:40,5,0,0
BRDA:40,5,1,1
BRDA:43,6,0,1
BRDA:43,6,1,0
BRDA:54,7,0,1
BRDA:54,7,1,0
BRDA:54,8,0,1
BRDA:54,8,1,1
BRF:18
BRH:12
end_of_record
TN:
SF:services\ttsService.js
FN:6,(anonymous_0)
FN:17,(anonymous_1)
FN:53,(anonymous_2)
FN:66,(anonymous_3)
FNF:4
FNH:3
FNDA:1,(anonymous_0)
FNDA:1,(anonymous_1)
FNDA:1,(anonymous_2)
FNDA:0,(anonymous_3)
DA:7,1
DA:8,1
DA:18,1
DA:20,1
DA:21,1
DA:22,0
DA:23,0
DA:26,1
DA:27,1
DA:37,1
DA:39,1
DA:40,1
DA:41,1
DA:42,1
DA:43,1
DA:45,0
DA:54,1
DA:55,1
DA:56,1
DA:57,1
DA:58,11
DA:60,1
DA:67,0
DA:68,0
DA:69,0
DA:70,0
DA:75,1
DA:76,1
LF:28
LH:21
BRDA:17,0,0,1
BRDA:18,1,0,0
BRDA:18,1,1,1
BRDA:21,2,0,0
BRDA:21,2,1,1
BRDA:21,3,0,1
BRDA:21,3,1,1
BRDA:37,4,0,0
BRDA:37,4,1,1
BRDA:67,5,0,0
BRDA:67,5,1,0
BRDA:75,6,0,1
BRDA:75,6,1,0
BRDA:75,7,0,1
BRDA:75,7,1,1
BRF:15
BRH:9
end_of_record
TN:
SF:utils\formatting.js
FN:8,escapeHTML
FN:10,(anonymous_1)
FN:24,renderMarkdown
FN:31,renderInlineMarkdown
FN:33,(anonymous_4)
FN:44,(anonymous_5)
FN:66,renderElectionInfo
FN:72,(anonymous_7)
FN:85,renderPollingInfo
FN:91,(anonymous_9)
FN:104,renderAnalysisResult
FN:106,(anonymous_11)
FNF:12
FNH:12
FNDA:22,escapeHTML
FNDA:31,(anonymous_1)
FNDA:2,renderMarkdown
FNDA:3,renderInlineMarkdown
FNDA:5,(anonymous_4)
FNDA:3,(anonymous_5)
FNDA:2,renderElectionInfo
FNDA:1,(anonymous_7)
FNDA:2,renderPollingInfo
FNDA:1,(anonymous_9)
FNDA:2,renderAnalysisResult
FNDA:2,(anonymous_11)
DA:9,22
DA:10,31
DA:25,2
DA:26,2
DA:28,2
DA:29,2
DA:32,3
DA:33,3
DA:34,5
DA:35,1
DA:36,1
DA:37,1
DA:39,4
DA:44,2
DA:45,3
DA:46,2
DA:47,1
DA:48,1
DA:49,1
DA:51,2
DA:52,2
DA:53,2
DA:55,1
DA:56,1
DA:57,1
DA:58,1
DA:59,1
DA:60,1
DA:67,2
DA:68,1
DA:69,1
DA:72,1
DA:86,2
DA:87,1
DA:88,1
DA:91,1
DA:105,2
DA:106,2
DA:107,1
DA:108,1
DA:109,1
DA:110,1
DA:113,2
DA:114,2
LF:44
LH:44
BRDA:9,0,0,2
BRDA:9,0,1,20
BRDA:10,1,0,31
BRDA:10,1,1,0
BRDA:26,2,0,0
BRDA:26,2,1,2
BRDA:34,3,0,1
BRDA:34,3,1,4
BRDA:34,4,0,5
BRDA:34,4,1,1
BRDA:45,5,0,2
BRDA:45,5,1,1
BRDA:45,6,0,3
BRDA:45,6,1,1
BRDA:46,7,0,1
BRDA:46,7,1,1
BRDA:56,8,0,1
BRDA:56,8,1,0
BRDA:67,9,0,1
BRDA:67,9,1,1
BRDA:67,10,0,2
BRDA:67,10,1,2
BRDA:86,11,0,1
BRDA:86,11,1,1
BRDA:86,12,0,2
BRDA:86,12,1,2
BRDA:94,13,0,1
BRDA:94,13,1,0
BRDA:95,14,0,1
BRDA:95,14,1,0
BRDA:105,15,0,1
BRDA:105,15,1,1
BRDA:105,16,0,2
BRDA:105,16,1,1
BRDA:113,17,0,2
BRDA:113,17,1,0
BRDA:113,18,0,2
BRDA:113,18,1,2
BRF:38
BRH:32
end_of_record
